Build started 27/04/2017 19:33:37.
     1>Project "D:\GraphicsProgramming\GraphicsProgramming\GraphicsProgramming\Lab2\Lab1\Lab1.vcxproj" on node 2 (Build target(s)).
     1>ClCompile:
         D:\Programs\Games Development\VisualStudio2013\VC\bin\CL.exe /c /ZI /nologo /W3 /WX- /sdl /Od /Oy- /D _MBCS /D _MBCS /D _CRT_SECURE_NO_WARNINGS /Gm /EHsc /RTC1 /MDd /GS /fp:precise /Zc:wchar_t /Zc:forScope /Fo"Debug\\" /Fd"Debug\vc120.pdb" /Gd /TP /analyze- /errorReport:prompt Display.cpp main.cpp MainGame.cpp Mesh.cpp Shader.cpp Texture.cpp
         Texture.cpp
         Shader.cpp
         Mesh.cpp
         MainGame.cpp
     1>d:\graphicsprogramming\graphicsprogramming\graphicsprogramming\lab2\lab1\maingame.cpp(57): error C2440: '<function-style-cast>' : cannot convert from 'glm::tvec3<float,0>' to 'Vertex'
                 No constructor could take the source type, or constructor overload resolution was ambiguous
     1>d:\graphicsprogramming\graphicsprogramming\graphicsprogramming\lab2\lab1\maingame.cpp(58): error C2440: '<function-style-cast>' : cannot convert from 'glm::tvec3<float,0>' to 'Vertex'
                 No constructor could take the source type, or constructor overload resolution was ambiguous
     1>d:\graphicsprogramming\graphicsprogramming\graphicsprogramming\lab2\lab1\maingame.cpp(58): fatal error C1903: unable to recover from previous error(s); stopping compilation
         main.cpp
         Display.cpp
         Generating Code...
     1>d:\graphicsprogramming\graphicsprogramming\graphicsprogramming\lab2\lab1\mesh.cpp(13): error C4700: uninitialized local variable 'i' used
     1>Done Building Project "D:\GraphicsProgramming\GraphicsProgramming\GraphicsProgramming\Lab2\Lab1\Lab1.vcxproj" (Build target(s)) -- FAILED.

Build FAILED.

Time Elapsed 00:00:04.51
