c:\users\cmacau200\desktop\github\graphicsprogramming\lab1\lab1\debug\vc120.pdb
c:\users\cmacau200\desktop\github\graphicsprogramming\lab1\lab1\debug\vc120.idb
c:\users\cmacau200\desktop\github\graphicsprogramming\lab1\lab1\debug\display.obj
c:\users\cmacau200\desktop\github\graphicsprogramming\lab1\lab1\debug\main.obj
c:\users\cmacau200\desktop\github\graphicsprogramming\lab1\lab1\debug\maingame.obj
c:\users\cmacau200\desktop\github\graphicsprogramming\lab1\lab1\debug\mesh.obj
c:\users\cmacau200\desktop\github\graphicsprogramming\lab1\lab1\debug\shader.obj
d:\graphicsprogramming\graphicsprogramming\graphicsprogramming\lab1\lab1\debug\vc120.pdb
d:\graphicsprogramming\graphicsprogramming\graphicsprogramming\lab1\lab1\debug\vc120.idb
d:\graphicsprogramming\graphicsprogramming\graphicsprogramming\lab1\lab1\debug\display.obj
d:\graphicsprogramming\graphicsprogramming\graphicsprogramming\lab1\lab1\debug\main.obj
d:\graphicsprogramming\graphicsprogramming\graphicsprogramming\lab1\lab1\debug\maingame.obj
d:\graphicsprogramming\graphicsprogramming\graphicsprogramming\lab1\lab1\debug\mesh.obj
c:\users\conner\documents\github\graphicsprogramming\lab1\lab1\debug\vc120.pdb
c:\users\conner\documents\github\graphicsprogramming\lab1\lab1\debug\vc120.idb
c:\users\conner\documents\github\graphicsprogramming\lab1\lab1\debug\display.obj
c:\users\conner\documents\github\graphicsprogramming\lab1\lab1\debug\main.obj
c:\users\conner\documents\github\graphicsprogramming\lab1\lab1\debug\maingame.obj
c:\users\cmacau200\desktop\github\graphicsprogramming\lab1\debug\lab1.ilk
c:\users\cmacau200\desktop\github\graphicsprogramming\lab1\debug\lab1.exe
c:\users\cmacau200\desktop\github\graphicsprogramming\lab1\debug\lab1.pdb
d:\graphicsprogramming\graphicsprogramming\graphicsprogramming\lab1\debug\lab1.pdb
d:\graphicsprogramming\graphicsprogramming\graphicsprogramming\lab1\debug\lab1.exe
d:\graphicsprogramming\graphicsprogramming\graphicsprogramming\lab1\debug\lab1.ilk
d:\graphicsprogramming\graphicsprogramming\graphicsprogramming\lab1\lab1\debug\lab1.tlog\cl.command.1.tlog
d:\graphicsprogramming\graphicsprogramming\graphicsprogramming\lab1\lab1\debug\lab1.tlog\cl.read.1.tlog
d:\graphicsprogramming\graphicsprogramming\graphicsprogramming\lab1\lab1\debug\lab1.tlog\cl.write.1.tlog
d:\graphicsprogramming\graphicsprogramming\graphicsprogramming\lab1\lab1\debug\lab1.tlog\link.command.1.tlog
d:\graphicsprogramming\graphicsprogramming\graphicsprogramming\lab1\lab1\debug\lab1.tlog\link.read.1.tlog
d:\graphicsprogramming\graphicsprogramming\graphicsprogramming\lab1\lab1\debug\lab1.tlog\link.write.1.tlog
