d:\graphicsprogramming\graphicsprogramming\graphicsprogramming\gpcw\gpcw\debug\vc120.pdb
d:\graphicsprogramming\graphicsprogramming\graphicsprogramming\gpcw\gpcw\debug\vc120.idb
d:\graphicsprogramming\graphicsprogramming\graphicsprogramming\gpcw\gpcw\debug\gameclass.obj
d:\graphicsprogramming\graphicsprogramming\graphicsprogramming\gpcw\gpcw\debug\mymain.obj
d:\graphicsprogramming\graphicsprogramming\graphicsprogramming\gpcw\gpcw\debug\mymesh.obj
d:\graphicsprogramming\graphicsprogramming\graphicsprogramming\gpcw\gpcw\debug\mytextures.obj
d:\graphicsprogramming\graphicsprogramming\graphicsprogramming\gpcw\gpcw\debug\shaderclass.obj
d:\graphicsprogramming\graphicsprogramming\graphicsprogramming\gpcw\gpcw\debug\view.obj
d:\graphicsprogramming\graphicsprogramming\graphicsprogramming\gpcw\gpcw\debug\obj_loader.obj
d:\graphicsprogramming\graphicsprogramming\graphicsprogramming\gpcw\gpcw\debug\stb_image.obj
d:\graphicsprogramming\graphicsprogramming\graphicsprogramming\gpcw\gpcw\debug\gpcw.ilk
d:\graphicsprogramming\graphicsprogramming\graphicsprogramming\gpcw\gpcw\debug\gpcw.exe
d:\graphicsprogramming\graphicsprogramming\graphicsprogramming\gpcw\gpcw\debug\gpcw.pdb
d:\graphicsprogramming\graphicsprogramming\graphicsprogramming\gpcw\gpcw\debug\lab1.ilk
d:\graphicsprogramming\graphicsprogramming\graphicsprogramming\gpcw\gpcw\debug\lab1.pdb
d:\graphicsprogramming\graphicsprogramming\graphicsprogramming\gpcw\gpcw\debug\gpcw.tlog\cl.command.1.tlog
d:\graphicsprogramming\graphicsprogramming\graphicsprogramming\gpcw\gpcw\debug\gpcw.tlog\cl.read.1.tlog
d:\graphicsprogramming\graphicsprogramming\graphicsprogramming\gpcw\gpcw\debug\gpcw.tlog\cl.write.1.tlog
d:\graphicsprogramming\graphicsprogramming\graphicsprogramming\gpcw\gpcw\debug\gpcw.tlog\link.command.1.tlog
d:\graphicsprogramming\graphicsprogramming\graphicsprogramming\gpcw\gpcw\debug\gpcw.tlog\link.read.1.tlog
d:\graphicsprogramming\graphicsprogramming\graphicsprogramming\gpcw\gpcw\debug\gpcw.tlog\link.write.1.tlog
